0000              1   ;--------------------------------------------------------
0000              2   ; File Created by C51
0000              3   ; Version 1.0.0 #1170 (Feb 16 2022) (MSVC)
0000              4   ; This file was generated Sat Apr 01 02:04:30 2023
0000              5   ;--------------------------------------------------------
                  5   $name lcd
                  6   $optc51 --model-small
0000              8            R_DSEG    segment data
0000              9            R_CSEG    segment code
0000             10            R_BSEG    segment bit
0000             11            R_XSEG    segment xdata
0000             12            R_PSEG    segment xdata
0000             13            R_ISEG    segment idata
0000             14            R_OSEG    segment data overlay
0000             15            BIT_BANK  segment data overlay
0000             16            R_HOME    segment code
0000             17            R_GSINIT  segment code
0000             18            R_IXSEG   segment xdata
0000             19            R_CONST   segment code
0000             20            R_XINIT   segment code
0000             21            R_DINIT   segment code
0000             22   
0000             23   ;--------------------------------------------------------
0000             24   ; Public variables in this module
0000             25   ;--------------------------------------------------------
0000             26            public _LCDprint_PARM_3
0000             27            public _LCDprint_PARM_2
0000             28            public _Timer3us
0000             29            public _waitms
0000             30            public _LCD_pulse
0000             31            public _LCD_byte
0000             32            public _WriteData
0000             33            public _WriteCommand
0000             34            public _LCD_4BIT
0000             35            public _LCDprint
0000             36   ;--------------------------------------------------------
0000             37   ; Special Function Registers
0000             38   ;--------------------------------------------------------
0000             39   _ACC            DATA 0xe0
0000             40   _ADC0ASAH       DATA 0xb6
0000             41   _ADC0ASAL       DATA 0xb5
0000             42   _ADC0ASCF       DATA 0xa1
0000             43   _ADC0ASCT       DATA 0xc7
0000             44   _ADC0CF0        DATA 0xbc
0000             45   _ADC0CF1        DATA 0xb9
0000             46   _ADC0CF2        DATA 0xdf
0000             47   _ADC0CN0        DATA 0xe8
0000             48   _ADC0CN1        DATA 0xb2
0000             49   _ADC0CN2        DATA 0xb3
0000             50   _ADC0GTH        DATA 0xc4
0000             51   _ADC0GTL        DATA 0xc3
0000             52   _ADC0H          DATA 0xbe
0000             53   _ADC0L          DATA 0xbd
0000             54   _ADC0LTH        DATA 0xc6
0000             55   _ADC0LTL        DATA 0xc5
0000             56   _ADC0MX         DATA 0xbb
0000             57   _B              DATA 0xf0
0000             58   _CKCON0         DATA 0x8e
0000             59   _CKCON1         DATA 0xa6
0000             60   _CLEN0          DATA 0xc6
0000             61   _CLIE0          DATA 0xc7
0000             62   _CLIF0          DATA 0xe8
0000             63   _CLKSEL         DATA 0xa9
0000             64   _CLOUT0         DATA 0xd1
0000             65   _CLU0CF         DATA 0xb1
0000             66   _CLU0FN         DATA 0xaf
0000             67   _CLU0MX         DATA 0x84
0000             68   _CLU1CF         DATA 0xb3
0000             69   _CLU1FN         DATA 0xb2
0000             70   _CLU1MX         DATA 0x85
0000             71   _CLU2CF         DATA 0xb6
0000             72   _CLU2FN         DATA 0xb5
0000             73   _CLU2MX         DATA 0x91
0000             74   _CLU3CF         DATA 0xbf
0000             75   _CLU3FN         DATA 0xbe
0000             76   _CLU3MX         DATA 0xae
0000             77   _CMP0CN0        DATA 0x9b
0000             78   _CMP0CN1        DATA 0x99
0000             79   _CMP0MD         DATA 0x9d
0000             80   _CMP0MX         DATA 0x9f
0000             81   _CMP1CN0        DATA 0xbf
0000             82   _CMP1CN1        DATA 0xac
0000             83   _CMP1MD         DATA 0xab
0000             84   _CMP1MX         DATA 0xaa
0000             85   _CRC0CN0        DATA 0xce
0000             86   _CRC0CN1        DATA 0x86
0000             87   _CRC0CNT        DATA 0xd3
0000             88   _CRC0DAT        DATA 0xcb
0000             89   _CRC0FLIP       DATA 0xcf
0000             90   _CRC0IN         DATA 0xca
0000             91   _CRC0ST         DATA 0xd2
0000             92   _DAC0CF0        DATA 0x91
0000             93   _DAC0CF1        DATA 0x92
0000             94   _DAC0H          DATA 0x85
0000             95   _DAC0L          DATA 0x84
0000             96   _DAC1CF0        DATA 0x93
0000             97   _DAC1CF1        DATA 0x94
0000             98   _DAC1H          DATA 0x8a
0000             99   _DAC1L          DATA 0x89
0000            100   _DAC2CF0        DATA 0x95
0000            101   _DAC2CF1        DATA 0x96
0000            102   _DAC2H          DATA 0x8c
0000            103   _DAC2L          DATA 0x8b
0000            104   _DAC3CF0        DATA 0x9a
0000            105   _DAC3CF1        DATA 0x9c
0000            106   _DAC3H          DATA 0x8e
0000            107   _DAC3L          DATA 0x8d
0000            108   _DACGCF0        DATA 0x88
0000            109   _DACGCF1        DATA 0x98
0000            110   _DACGCF2        DATA 0xa2
0000            111   _DERIVID        DATA 0xad
0000            112   _DEVICEID       DATA 0xb5
0000            113   _DPH            DATA 0x83
0000            114   _DPL            DATA 0x82
0000            115   _EIE1           DATA 0xe6
0000            116   _EIE2           DATA 0xf3
0000            117   _EIP1           DATA 0xbb
0000            118   _EIP1H          DATA 0xee
0000            119   _EIP2           DATA 0xed
0000            120   _EIP2H          DATA 0xf6
0000            121   _EMI0CN         DATA 0xe7
0000            122   _FLKEY          DATA 0xb7
0000            123   _HFO0CAL        DATA 0xc7
0000            124   _HFO1CAL        DATA 0xd6
0000            125   _HFOCN          DATA 0xef
0000            126   _I2C0ADM        DATA 0xff
0000            127   _I2C0CN0        DATA 0xba
0000            128   _I2C0DIN        DATA 0xbc
0000            129   _I2C0DOUT       DATA 0xbb
0000            130   _I2C0FCN0       DATA 0xad
0000            131   _I2C0FCN1       DATA 0xab
0000            132   _I2C0FCT        DATA 0xf5
0000            133   _I2C0SLAD       DATA 0xbd
0000            134   _I2C0STAT       DATA 0xb9
0000            135   _IE             DATA 0xa8
0000            136   _IP             DATA 0xb8
0000            137   _IPH            DATA 0xf2
0000            138   _IT01CF         DATA 0xe4
0000            139   _LFO0CN         DATA 0xb1
0000            140   _P0             DATA 0x80
0000            141   _P0MASK         DATA 0xfe
0000            142   _P0MAT          DATA 0xfd
0000            143   _P0MDIN         DATA 0xf1
0000            144   _P0MDOUT        DATA 0xa4
0000            145   _P0SKIP         DATA 0xd4
0000            146   _P1             DATA 0x90
0000            147   _P1MASK         DATA 0xee
0000            148   _P1MAT          DATA 0xed
0000            149   _P1MDIN         DATA 0xf2
0000            150   _P1MDOUT        DATA 0xa5
0000            151   _P1SKIP         DATA 0xd5
0000            152   _P2             DATA 0xa0
0000            153   _P2MASK         DATA 0xfc
0000            154   _P2MAT          DATA 0xfb
0000            155   _P2MDIN         DATA 0xf3
0000            156   _P2MDOUT        DATA 0xa6
0000            157   _P2SKIP         DATA 0xcc
0000            158   _P3             DATA 0xb0
0000            159   _P3MDIN         DATA 0xf4
0000            160   _P3MDOUT        DATA 0x9c
0000            161   _PCA0CENT       DATA 0x9e
0000            162   _PCA0CLR        DATA 0x9c
0000            163   _PCA0CN0        DATA 0xd8
0000            164   _PCA0CPH0       DATA 0xfc
0000            165   _PCA0CPH1       DATA 0xea
0000            166   _PCA0CPH2       DATA 0xec
0000            167   _PCA0CPH3       DATA 0xf5
0000            168   _PCA0CPH4       DATA 0x85
0000            169   _PCA0CPH5       DATA 0xde
0000            170   _PCA0CPL0       DATA 0xfb
0000            171   _PCA0CPL1       DATA 0xe9
0000            172   _PCA0CPL2       DATA 0xeb
0000            173   _PCA0CPL3       DATA 0xf4
0000            174   _PCA0CPL4       DATA 0x84
0000            175   _PCA0CPL5       DATA 0xdd
0000            176   _PCA0CPM0       DATA 0xda
0000            177   _PCA0CPM1       DATA 0xdb
0000            178   _PCA0CPM2       DATA 0xdc
0000            179   _PCA0CPM3       DATA 0xae
0000            180   _PCA0CPM4       DATA 0xaf
0000            181   _PCA0CPM5       DATA 0xcc
0000            182   _PCA0H          DATA 0xfa
0000            183   _PCA0L          DATA 0xf9
0000            184   _PCA0MD         DATA 0xd9
0000            185   _PCA0POL        DATA 0x96
0000            186   _PCA0PWM        DATA 0xf7
0000            187   _PCON0          DATA 0x87
0000            188   _PCON1          DATA 0xcd
0000            189   _PFE0CN         DATA 0xc1
0000            190   _PRTDRV         DATA 0xf6
0000            191   _PSCTL          DATA 0x8f
0000            192   _PSTAT0         DATA 0xaa
0000            193   _PSW            DATA 0xd0
0000            194   _REF0CN         DATA 0xd1
0000            195   _REG0CN         DATA 0xc9
0000            196   _REVID          DATA 0xb6
0000            197   _RSTSRC         DATA 0xef
0000            198   _SBCON1         DATA 0x94
0000            199   _SBRLH1         DATA 0x96
0000            200   _SBRLL1         DATA 0x95
0000            201   _SBUF           DATA 0x99
0000            202   _SBUF0          DATA 0x99
0000            203   _SBUF1          DATA 0x92
0000            204   _SCON           DATA 0x98
0000            205   _SCON0          DATA 0x98
0000            206   _SCON1          DATA 0xc8
0000            207   _SFRPAGE        DATA 0xa7
0000            208   _SFRPGCN        DATA 0xbc
0000            209   _SFRSTACK       DATA 0xd7
0000            210   _SMB0ADM        DATA 0xd6
0000            211   _SMB0ADR        DATA 0xd7
0000            212   _SMB0CF         DATA 0xc1
0000            213   _SMB0CN0        DATA 0xc0
0000            214   _SMB0DAT        DATA 0xc2
0000            215   _SMB0FCN0       DATA 0xc3
0000            216   _SMB0FCN1       DATA 0xc4
0000            217   _SMB0FCT        DATA 0xef
0000            218   _SMB0RXLN       DATA 0xc5
0000            219   _SMB0TC         DATA 0xac
0000            220   _SMOD1          DATA 0x93
0000            221   _SP             DATA 0x81
0000            222   _SPI0CFG        DATA 0xa1
0000            223   _SPI0CKR        DATA 0xa2
0000            224   _SPI0CN0        DATA 0xf8
0000            225   _SPI0DAT        DATA 0xa3
0000            226   _SPI0FCN0       DATA 0x9a
0000            227   _SPI0FCN1       DATA 0x9b
0000            228   _SPI0FCT        DATA 0xf7
0000            229   _SPI0PCF        DATA 0xdf
0000            230   _TCON           DATA 0x88
0000            231   _TH0            DATA 0x8c
0000            232   _TH1            DATA 0x8d
0000            233   _TL0            DATA 0x8a
0000            234   _TL1            DATA 0x8b
0000            235   _TMOD           DATA 0x89
0000            236   _TMR2CN0        DATA 0xc8
0000            237   _TMR2CN1        DATA 0xfd
0000            238   _TMR2H          DATA 0xcf
0000            239   _TMR2L          DATA 0xce
0000            240   _TMR2RLH        DATA 0xcb
0000            241   _TMR2RLL        DATA 0xca
0000            242   _TMR3CN0        DATA 0x91
0000            243   _TMR3CN1        DATA 0xfe
0000            244   _TMR3H          DATA 0x95
0000            245   _TMR3L          DATA 0x94
0000            246   _TMR3RLH        DATA 0x93
0000            247   _TMR3RLL        DATA 0x92
0000            248   _TMR4CN0        DATA 0x98
0000            249   _TMR4CN1        DATA 0xff
0000            250   _TMR4H          DATA 0xa5
0000            251   _TMR4L          DATA 0xa4
0000            252   _TMR4RLH        DATA 0xa3
0000            253   _TMR4RLL        DATA 0xa2
0000            254   _TMR5CN0        DATA 0xc0
0000            255   _TMR5CN1        DATA 0xf1
0000            256   _TMR5H          DATA 0xd5
0000            257   _TMR5L          DATA 0xd4
0000            258   _TMR5RLH        DATA 0xd3
0000            259   _TMR5RLL        DATA 0xd2
0000            260   _UART0PCF       DATA 0xd9
0000            261   _UART1FCN0      DATA 0x9d
0000            262   _UART1FCN1      DATA 0xd8
0000            263   _UART1FCT       DATA 0xfa
0000            264   _UART1LIN       DATA 0x9e
0000            265   _UART1PCF       DATA 0xda
0000            266   _VDM0CN         DATA 0xff
0000            267   _WDTCN          DATA 0x97
0000            268   _XBR0           DATA 0xe1
0000            269   _XBR1           DATA 0xe2
0000            270   _XBR2           DATA 0xe3
0000            271   _XOSC0CN        DATA 0x86
0000            272   _DPTR           DATA 0x8382
0000            273   _TMR2RL         DATA 0xcbca
0000            274   _TMR3RL         DATA 0x9392
0000            275   _TMR4RL         DATA 0xa3a2
0000            276   _TMR5RL         DATA 0xd3d2
0000            277   _TMR0           DATA 0x8c8a
0000            278   _TMR1           DATA 0x8d8b
0000            279   _TMR2           DATA 0xcfce
0000            280   _TMR3           DATA 0x9594
0000            281   _TMR4           DATA 0xa5a4
0000            282   _TMR5           DATA 0xd5d4
0000            283   _SBRL1          DATA 0x9695
0000            284   _PCA0           DATA 0xfaf9
0000            285   _PCA0CP0        DATA 0xfcfb
0000            286   _PCA0CP1        DATA 0xeae9
0000            287   _PCA0CP2        DATA 0xeceb
0000            288   _PCA0CP3        DATA 0xf5f4
0000            289   _PCA0CP4        DATA 0x8584
0000            290   _PCA0CP5        DATA 0xdedd
0000            291   _ADC0ASA        DATA 0xb6b5
0000            292   _ADC0GT         DATA 0xc4c3
0000            293   _ADC0           DATA 0xbebd
0000            294   _ADC0LT         DATA 0xc6c5
0000            295   _DAC0           DATA 0x8584
0000            296   _DAC1           DATA 0x8a89
0000            297   _DAC2           DATA 0x8c8b
0000            298   _DAC3           DATA 0x8e8d
0000            299   ;--------------------------------------------------------
0000            300   ; special function bits
0000            301   ;--------------------------------------------------------
0000            302   _ACC_0          BIT 0xe0
0000            303   _ACC_1          BIT 0xe1
0000            304   _ACC_2          BIT 0xe2
0000            305   _ACC_3          BIT 0xe3
0000            306   _ACC_4          BIT 0xe4
0000            307   _ACC_5          BIT 0xe5
0000            308   _ACC_6          BIT 0xe6
0000            309   _ACC_7          BIT 0xe7
0000            310   _TEMPE          BIT 0xe8
0000            311   _ADGN0          BIT 0xe9
0000            312   _ADGN1          BIT 0xea
0000            313   _ADWINT         BIT 0xeb
0000            314   _ADBUSY         BIT 0xec
0000            315   _ADINT          BIT 0xed
0000            316   _IPOEN          BIT 0xee
0000            317   _ADEN           BIT 0xef
0000            318   _B_0            BIT 0xf0
0000            319   _B_1            BIT 0xf1
0000            320   _B_2            BIT 0xf2
0000            321   _B_3            BIT 0xf3
0000            322   _B_4            BIT 0xf4
0000            323   _B_5            BIT 0xf5
0000            324   _B_6            BIT 0xf6
0000            325   _B_7            BIT 0xf7
0000            326   _C0FIF          BIT 0xe8
0000            327   _C0RIF          BIT 0xe9
0000            328   _C1FIF          BIT 0xea
0000            329   _C1RIF          BIT 0xeb
0000            330   _C2FIF          BIT 0xec
0000            331   _C2RIF          BIT 0xed
0000            332   _C3FIF          BIT 0xee
0000            333   _C3RIF          BIT 0xef
0000            334   _D1SRC0         BIT 0x88
0000            335   _D1SRC1         BIT 0x89
0000            336   _D1AMEN         BIT 0x8a
0000            337   _D01REFSL       BIT 0x8b
0000            338   _D3SRC0         BIT 0x8c
0000            339   _D3SRC1         BIT 0x8d
0000            340   _D3AMEN         BIT 0x8e
0000            341   _D23REFSL       BIT 0x8f
0000            342   _D0UDIS         BIT 0x98
0000            343   _D1UDIS         BIT 0x99
0000            344   _D2UDIS         BIT 0x9a
0000            345   _D3UDIS         BIT 0x9b
0000            346   _EX0            BIT 0xa8
0000            347   _ET0            BIT 0xa9
0000            348   _EX1            BIT 0xaa
0000            349   _ET1            BIT 0xab
0000            350   _ES0            BIT 0xac
0000            351   _ET2            BIT 0xad
0000            352   _ESPI0          BIT 0xae
0000            353   _EA             BIT 0xaf
0000            354   _PX0            BIT 0xb8
0000            355   _PT0            BIT 0xb9
0000            356   _PX1            BIT 0xba
0000            357   _PT1            BIT 0xbb
0000            358   _PS0            BIT 0xbc
0000            359   _PT2            BIT 0xbd
0000            360   _PSPI0          BIT 0xbe
0000            361   _P0_0           BIT 0x80
0000            362   _P0_1           BIT 0x81
0000            363   _P0_2           BIT 0x82
0000            364   _P0_3           BIT 0x83
0000            365   _P0_4           BIT 0x84
0000            366   _P0_5           BIT 0x85
0000            367   _P0_6           BIT 0x86
0000            368   _P0_7           BIT 0x87
0000            369   _P1_0           BIT 0x90
0000            370   _P1_1           BIT 0x91
0000            371   _P1_2           BIT 0x92
0000            372   _P1_3           BIT 0x93
0000            373   _P1_4           BIT 0x94
0000            374   _P1_5           BIT 0x95
0000            375   _P1_6           BIT 0x96
0000            376   _P1_7           BIT 0x97
0000            377   _P2_0           BIT 0xa0
0000            378   _P2_1           BIT 0xa1
0000            379   _P2_2           BIT 0xa2
0000            380   _P2_3           BIT 0xa3
0000            381   _P2_4           BIT 0xa4
0000            382   _P2_5           BIT 0xa5
0000            383   _P2_6           BIT 0xa6
0000            384   _P3_0           BIT 0xb0
0000            385   _P3_1           BIT 0xb1
0000            386   _P3_2           BIT 0xb2
0000            387   _P3_3           BIT 0xb3
0000            388   _P3_4           BIT 0xb4
0000            389   _P3_7           BIT 0xb7
0000            390   _CCF0           BIT 0xd8
0000            391   _CCF1           BIT 0xd9
0000            392   _CCF2           BIT 0xda
0000            393   _CCF3           BIT 0xdb
0000            394   _CCF4           BIT 0xdc
0000            395   _CCF5           BIT 0xdd
0000            396   _CR             BIT 0xde
0000            397   _CF             BIT 0xdf
0000            398   _PARITY         BIT 0xd0
0000            399   _F1             BIT 0xd1
0000            400   _OV             BIT 0xd2
0000            401   _RS0            BIT 0xd3
0000            402   _RS1            BIT 0xd4
0000            403   _F0             BIT 0xd5
0000            404   _AC             BIT 0xd6
0000            405   _CY             BIT 0xd7
0000            406   _RI             BIT 0x98
0000            407   _TI             BIT 0x99
0000            408   _RB8            BIT 0x9a
0000            409   _TB8            BIT 0x9b
0000            410   _REN            BIT 0x9c
0000            411   _CE             BIT 0x9d
0000            412   _SMODE          BIT 0x9e
0000            413   _RI1            BIT 0xc8
0000            414   _TI1            BIT 0xc9
0000            415   _RBX1           BIT 0xca
0000            416   _TBX1           BIT 0xcb
0000            417   _REN1           BIT 0xcc
0000            418   _PERR1          BIT 0xcd
0000            419   _OVR1           BIT 0xce
0000            420   _SI             BIT 0xc0
0000            421   _ACK            BIT 0xc1
0000            422   _ARBLOST        BIT 0xc2
0000            423   _ACKRQ          BIT 0xc3
0000            424   _STO            BIT 0xc4
0000            425   _STA            BIT 0xc5
0000            426   _TXMODE         BIT 0xc6
0000            427   _MASTER         BIT 0xc7
0000            428   _SPIEN          BIT 0xf8
0000            429   _TXNF           BIT 0xf9
0000            430   _NSSMD0         BIT 0xfa
0000            431   _NSSMD1         BIT 0xfb
0000            432   _RXOVRN         BIT 0xfc
0000            433   _MODF           BIT 0xfd
0000            434   _WCOL           BIT 0xfe
0000            435   _SPIF           BIT 0xff
0000            436   _IT0            BIT 0x88
0000            437   _IE0            BIT 0x89
0000            438   _IT1            BIT 0x8a
0000            439   _IE1            BIT 0x8b
0000            440   _TR0            BIT 0x8c
0000            441   _TF0            BIT 0x8d
0000            442   _TR1            BIT 0x8e
0000            443   _TF1            BIT 0x8f
0000            444   _T2XCLK0        BIT 0xc8
0000            445   _T2XCLK1        BIT 0xc9
0000            446   _TR2            BIT 0xca
0000            447   _T2SPLIT        BIT 0xcb
0000            448   _TF2CEN         BIT 0xcc
0000            449   _TF2LEN         BIT 0xcd
0000            450   _TF2L           BIT 0xce
0000            451   _TF2H           BIT 0xcf
0000            452   _T4XCLK0        BIT 0x98
0000            453   _T4XCLK1        BIT 0x99
0000            454   _TR4            BIT 0x9a
0000            455   _T4SPLIT        BIT 0x9b
0000            456   _TF4CEN         BIT 0x9c
0000            457   _TF4LEN         BIT 0x9d
0000            458   _TF4L           BIT 0x9e
0000            459   _TF4H           BIT 0x9f
0000            460   _T5XCLK0        BIT 0xc0
0000            461   _T5XCLK1        BIT 0xc1
0000            462   _TR5            BIT 0xc2
0000            463   _T5SPLIT        BIT 0xc3
0000            464   _TF5CEN         BIT 0xc4
0000            465   _TF5LEN         BIT 0xc5
0000            466   _TF5L           BIT 0xc6
0000            467   _TF5H           BIT 0xc7
0000            468   _RIE            BIT 0xd8
0000            469   _RXTO0          BIT 0xd9
0000            470   _RXTO1          BIT 0xda
0000            471   _RFRQ           BIT 0xdb
0000            472   _TIE            BIT 0xdc
0000            473   _TXHOLD         BIT 0xdd
0000            474   _TXNF1          BIT 0xde
0000            475   _TFRQ           BIT 0xdf
0000            476   ;--------------------------------------------------------
0000            477   ; overlayable register banks
0000            478   ;--------------------------------------------------------
0000            479            rbank0 segment data overlay
0000            480   ;--------------------------------------------------------
0000            481   ; internal ram data
0000            482   ;--------------------------------------------------------
0000            483            rseg R_DSEG
0000            484   _LCDprint_PARM_2:
0000            485            ds 1
0001            486   ;--------------------------------------------------------
0001            487   ; overlayable items in internal ram 
0001            488   ;--------------------------------------------------------
0000            489            rseg    R_OSEG
0000            490   ;--------------------------------------------------------
0000            491   ; indirectly addressable internal ram data
0000            492   ;--------------------------------------------------------
0000            493            rseg R_ISEG
0000            494   ;--------------------------------------------------------
0000            495   ; absolute internal ram data
0000            496   ;--------------------------------------------------------
0000            497            DSEG
0000            498   ;--------------------------------------------------------
0000            499   ; bit data
0000            500   ;--------------------------------------------------------
0000            501            rseg R_BSEG
0000            502   _LCDprint_PARM_3:
0000            503            DBIT    1
0001            504   ;--------------------------------------------------------
0001            505   ; paged external ram data
0001            506   ;--------------------------------------------------------
0000            507            rseg R_PSEG
0000            508   ;--------------------------------------------------------
0000            509   ; external ram data
0000            510   ;--------------------------------------------------------
0000            511            rseg R_XSEG
0000            512   ;--------------------------------------------------------
0000            513   ; absolute external ram data
0000            514   ;--------------------------------------------------------
0000            515            XSEG
0000            516   ;--------------------------------------------------------
0000            517   ; external initialized ram data
0000            518   ;--------------------------------------------------------
0000            519            rseg R_IXSEG
0000            520            rseg R_HOME
0000            521            rseg R_GSINIT
0000            522            rseg R_CSEG
0000            523   ;--------------------------------------------------------
0000            524   ; Interrupt vectors
0000            525   ;--------------------------------------------------------
0000            526   ;--------------------------------------------------------
0000            527   ; global & static initialisations
0000            528   ;--------------------------------------------------------
0000            529            rseg R_HOME
0000            530            rseg R_GSINIT
0000            531            rseg R_GSINIT
0000            532   ;--------------------------------------------------------
0000            533   ; data variables initialization
0000            534   ;--------------------------------------------------------
0000            535            rseg R_DINIT
0000            536            ; The linker places a 'ret' at the end of segment R_DINIT.
0000            537   ;--------------------------------------------------------
0000            538   ; code
0000            539   ;--------------------------------------------------------
0000            540            rseg R_CSEG
0000            541   ;------------------------------------------------------------
0000            542   ;Allocation info for local variables in function 'Timer3us'
0000            543   ;------------------------------------------------------------
0000            544   ;us                        Allocated to registers r2 
0000            545   ;i                         Allocated to registers r3 
0000            546   ;------------------------------------------------------------
0000            547   ;        lcd.c:7: void Timer3us(unsigned char us)
0000            548   ;        -----------------------------------------
0000            549   ;         function Timer3us
0000            550   ;        -----------------------------------------
0000            551   _Timer3us:
0000            552            using   0
0000 AA82       553            mov     r2,dpl
0002            554   ;        lcd.c:12: CKCON0|=0b_0100_0000;
0002 438E40     555            orl     _CKCON0,#0x40
0005            556   ;        lcd.c:14: TMR3RL = (-(SYSCLK)/1000000L); // Set Timer3 to overflow in 1us.
0005 7592B8     557            mov     _TMR3RL,#0xB8
0008 7593FF     558            mov     (_TMR3RL >> 8),#0xFF
000B            559   ;        lcd.c:15: TMR3 = TMR3RL;                 // Initialize Timer3 for first overflow
000B 859294     560            mov     _TMR3,_TMR3RL
000E 859395     561            mov     (_TMR3 >> 8),(_TMR3RL >> 8)
0011            562   ;        lcd.c:17: TMR3CN0 = 0x04;                 // Sart Timer3 and clear overflow flag
0011 759104     563            mov     _TMR3CN0,#0x04
0014            564   ;        lcd.c:18: for (i = 0; i < us; i++)       // Count <us> overflows
0014 7B00       565            mov     r3,#0x00
0016            566   L002004?:
0016 C3         567            clr     c
0017 EB         568            mov     a,r3
0018 9A         569            subb    a,r2
0019 5000       570            jnc     L002007?
001B            571   ;        lcd.c:20: while (!(TMR3CN0 & 0x80));  // Wait for overflow
001B            572   L002001?:
001B E591       573            mov     a,_TMR3CN0
001D 30E780     574            jnb     acc.7,L002001?
0020            575   ;        lcd.c:21: TMR3CN0 &= ~(0x80);         // Clear overflow indicator
0020 53917F     576            anl     _TMR3CN0,#0x7F
0023            577   ;        lcd.c:18: for (i = 0; i < us; i++)       // Count <us> overflows
0023 0B         578            inc     r3
0024 8000       579            sjmp    L002004?
0026            580   L002007?:
0026            581   ;        lcd.c:23: TMR3CN0 = 0 ;                   // Stop Timer3 and clear overflow flag
0026 759100     582            mov     _TMR3CN0,#0x00
0029 22         583            ret
002A            584   ;------------------------------------------------------------
002A            585   ;Allocation info for local variables in function 'waitms'
002A            586   ;------------------------------------------------------------
002A            587   ;ms                        Allocated to registers r2 r3 
002A            588   ;j                         Allocated to registers r4 r5 
002A            589   ;k                         Allocated to registers r6 
002A            590   ;------------------------------------------------------------
002A            591   ;        lcd.c:26: void waitms (unsigned int ms)
002A            592   ;        -----------------------------------------
002A            593   ;         function waitms
002A            594   ;        -----------------------------------------
002A            595   _waitms:
002A AA82       596            mov     r2,dpl
002C AB83       597            mov     r3,dph
002E            598   ;        lcd.c:30: for(j=0; j<ms; j++)
002E 7C00       599            mov     r4,#0x00
0030 7D00       600            mov     r5,#0x00
0032            601   L003005?:
0032 C3         602            clr     c
0033 EC         603            mov     a,r4
0034 9A         604            subb    a,r2
0035 ED         605            mov     a,r5
0036 9B         606            subb    a,r3
0037 5000       607            jnc     L003009?
0039            608   ;        lcd.c:31: for (k=0; k<4; k++) Timer3us(250);
0039 7E00       609            mov     r6,#0x00
003B            610   L003001?:
003B BE0400     611            cjne    r6,#0x04,L003018?
003E            612   L003018?:
003E 5000       613            jnc     L003007?
0040 7582FA     614            mov     dpl,#0xFA
0043 C002       615            push    ar2
0045 C003       616            push    ar3
0047 C004       617            push    ar4
0049 C005       618            push    ar5
004B C006       619            push    ar6
004D 120000     620            lcall   _Timer3us
0050 D006       621            pop     ar6
0052 D005       622            pop     ar5
0054 D004       623            pop     ar4
0056 D003       624            pop     ar3
0058 D002       625            pop     ar2
005A 0E         626            inc     r6
005B 8000       627            sjmp    L003001?
005D            628   L003007?:
005D            629   ;        lcd.c:30: for(j=0; j<ms; j++)
005D 0C         630            inc     r4
005E BC0040     631            cjne    r4,#0x00,L003005?
0061 0D         632            inc     r5
0062 8000       633            sjmp    L003005?
0064            634   L003009?:
0064 22         635            ret
0065            636   ;------------------------------------------------------------
0065            637   ;Allocation info for local variables in function 'LCD_pulse'
0065            638   ;------------------------------------------------------------
0065            639   ;------------------------------------------------------------
0065            640   ;        lcd.c:34: void LCD_pulse (void)
0065            641   ;        -----------------------------------------
0065            642   ;         function LCD_pulse
0065            643   ;        -----------------------------------------
0065            644   _LCD_pulse:
0065            645   ;        lcd.c:36: LCD_E=1;
0065 D2A5       646            setb    _P2_5
0067            647   ;        lcd.c:37: Timer3us(40);
0067 758228     648            mov     dpl,#0x28
006A 120000     649            lcall   _Timer3us
006D            650   ;        lcd.c:38: LCD_E=0;
006D C2A5       651            clr     _P2_5
006F 22         652            ret
0070            653   ;------------------------------------------------------------
0070            654   ;Allocation info for local variables in function 'LCD_byte'
0070            655   ;------------------------------------------------------------
0070            656   ;x                         Allocated to registers r2 
0070            657   ;------------------------------------------------------------
0070            658   ;        lcd.c:41: void LCD_byte (unsigned char x)
0070            659   ;        -----------------------------------------
0070            660   ;         function LCD_byte
0070            661   ;        -----------------------------------------
0070            662   _LCD_byte:
0070 AA82       663            mov     r2,dpl
0072            664   ;        lcd.c:44: ACC=x; //Send high nible
0072 8AE0       665            mov     _ACC,r2
0074            666   ;        lcd.c:45: LCD_D7=ACC_7;
0074 A2E7       667            mov     c,_ACC_7
0076 92A1       668            mov     _P2_1,c
0078            669   ;        lcd.c:46: LCD_D6=ACC_6;
0078 A2E6       670            mov     c,_ACC_6
007A 92A2       671            mov     _P2_2,c
007C            672   ;        lcd.c:47: LCD_D5=ACC_5;
007C A2E5       673            mov     c,_ACC_5
007E 92A3       674            mov     _P2_3,c
0080            675   ;        lcd.c:48: LCD_D4=ACC_4;
0080 A2E4       676            mov     c,_ACC_4
0082 92A4       677            mov     _P2_4,c
0084            678   ;        lcd.c:49: LCD_pulse();
0084 C002       679            push    ar2
0086 120000     680            lcall   _LCD_pulse
0089            681   ;        lcd.c:50: Timer3us(40);
0089 758228     682            mov     dpl,#0x28
008C 120000     683            lcall   _Timer3us
008F D002       684            pop     ar2
0091            685   ;        lcd.c:51: ACC=x; //Send low nible
0091 8AE0       686            mov     _ACC,r2
0093            687   ;        lcd.c:52: LCD_D7=ACC_3;
0093 A2E3       688            mov     c,_ACC_3
0095 92A1       689            mov     _P2_1,c
0097            690   ;        lcd.c:53: LCD_D6=ACC_2;
0097 A2E2       691            mov     c,_ACC_2
0099 92A2       692            mov     _P2_2,c
009B            693   ;        lcd.c:54: LCD_D5=ACC_1;
009B A2E1       694            mov     c,_ACC_1
009D 92A3       695            mov     _P2_3,c
009F            696   ;        lcd.c:55: LCD_D4=ACC_0;
009F A2E0       697            mov     c,_ACC_0
00A1 92A4       698            mov     _P2_4,c
00A3            699   ;        lcd.c:56: LCD_pulse();
00A3 020000     700            ljmp    _LCD_pulse
00A6            701   ;------------------------------------------------------------
00A6            702   ;Allocation info for local variables in function 'WriteData'
00A6            703   ;------------------------------------------------------------
00A6            704   ;x                         Allocated to registers 
00A6            705   ;------------------------------------------------------------
00A6            706   ;        lcd.c:59: void WriteData (unsigned char x)
00A6            707   ;        -----------------------------------------
00A6            708   ;         function WriteData
00A6            709   ;        -----------------------------------------
00A6            710   _WriteData:
00A6            711   ;        lcd.c:61: LCD_RS=1;
00A6 D2A6       712            setb    _P2_6
00A8            713   ;        lcd.c:62: LCD_byte(x);
00A8 120000     714            lcall   _LCD_byte
00AB            715   ;        lcd.c:63: waitms(2);
00AB 900002     716            mov     dptr,#0x0002
00AE 020000     717            ljmp    _waitms
00B1            718   ;------------------------------------------------------------
00B1            719   ;Allocation info for local variables in function 'WriteCommand'
00B1            720   ;------------------------------------------------------------
00B1            721   ;x                         Allocated to registers 
00B1            722   ;------------------------------------------------------------
00B1            723   ;        lcd.c:66: void WriteCommand (unsigned char x)
00B1            724   ;        -----------------------------------------
00B1            725   ;         function WriteCommand
00B1            726   ;        -----------------------------------------
00B1            727   _WriteCommand:
00B1            728   ;        lcd.c:68: LCD_RS=0;
00B1 C2A6       729            clr     _P2_6
00B3            730   ;        lcd.c:69: LCD_byte(x);
00B3 120000     731            lcall   _LCD_byte
00B6            732   ;        lcd.c:70: waitms(5);
00B6 900005     733            mov     dptr,#0x0005
00B9 020000     734            ljmp    _waitms
00BC            735   ;------------------------------------------------------------
00BC            736   ;Allocation info for local variables in function 'LCD_4BIT'
00BC            737   ;------------------------------------------------------------
00BC            738   ;------------------------------------------------------------
00BC            739   ;        lcd.c:73: void LCD_4BIT (void)
00BC            740   ;        -----------------------------------------
00BC            741   ;         function LCD_4BIT
00BC            742   ;        -----------------------------------------
00BC            743   _LCD_4BIT:
00BC            744   ;        lcd.c:75: LCD_E=0; // Resting state of LCD's enable is zero
00BC C2A5       745            clr     _P2_5
00BE            746   ;        lcd.c:77: waitms(20);
00BE 900014     747            mov     dptr,#0x0014
00C1 120000     748            lcall   _waitms
00C4            749   ;        lcd.c:79: WriteCommand(0x33);
00C4 758233     750            mov     dpl,#0x33
00C7 120000     751            lcall   _WriteCommand
00CA            752   ;        lcd.c:80: WriteCommand(0x33);
00CA 758233     753            mov     dpl,#0x33
00CD 120000     754            lcall   _WriteCommand
00D0            755   ;        lcd.c:81: WriteCommand(0x32); // Change to 4-bit mode
00D0 758232     756            mov     dpl,#0x32
00D3 120000     757            lcall   _WriteCommand
00D6            758   ;        lcd.c:84: WriteCommand(0x28);
00D6 758228     759            mov     dpl,#0x28
00D9 120000     760            lcall   _WriteCommand
00DC            761   ;        lcd.c:85: WriteCommand(0x0c);
00DC 75820C     762            mov     dpl,#0x0C
00DF 120000     763            lcall   _WriteCommand
00E2            764   ;        lcd.c:86: WriteCommand(0x01); // Clear screen command (takes some time)
00E2 758201     765            mov     dpl,#0x01
00E5 120000     766            lcall   _WriteCommand
00E8            767   ;        lcd.c:87: waitms(20); // Wait for clear screen command to finsih.
00E8 900014     768            mov     dptr,#0x0014
00EB 020000     769            ljmp    _waitms
00EE            770   ;------------------------------------------------------------
00EE            771   ;Allocation info for local variables in function 'LCDprint'
00EE            772   ;------------------------------------------------------------
00EE            773   ;line                      Allocated with name '_LCDprint_PARM_2'
00EE            774   ;string                    Allocated to registers r2 r3 r4 
00EE            775   ;j                         Allocated to registers r5 r6 
00EE            776   ;------------------------------------------------------------
00EE            777   ;        lcd.c:90: void LCDprint(char * string, unsigned char line, bit clear)
00EE            778   ;        -----------------------------------------
00EE            779   ;         function LCDprint
00EE            780   ;        -----------------------------------------
00EE            781   _LCDprint:
00EE AA82       782            mov     r2,dpl
00F0 AB83       783            mov     r3,dph
00F2 ACF0       784            mov     r4,b
00F4            785   ;        lcd.c:94: WriteCommand(line==2?0xc0:0x80);
00F4 7402       786            mov     a,#0x02
00F6 B5C0C0     787            cjne    a,_LCDprint_PARM_2,L009013?
00F9 7DC0       788            mov     r5,#0xC0
00FB 8000       789            sjmp    L009014?
00FD            790   L009013?:
00FD 7D80       791            mov     r5,#0x80
00FF            792   L009014?:
00FF 8D82       793            mov     dpl,r5
0101 C002       794            push    ar2
0103 C003       795            push    ar3
0105 C004       796            push    ar4
0107 120000     797            lcall   _WriteCommand
010A            798   ;        lcd.c:95: waitms(5);
010A 900005     799            mov     dptr,#0x0005
010D 120000     800            lcall   _waitms
0110 D004       801            pop     ar4
0112 D003       802            pop     ar3
0114 D002       803            pop     ar2
0116            804   ;        lcd.c:96: for(j=0; string[j]!=0; j++)   WriteData(string[j]);// Write the message
0116 7D00       805            mov     r5,#0x00
0118 7E00       806            mov     r6,#0x00
011A            807   L009003?:
011A ED         808            mov     a,r5
011B 2A         809            add     a,r2
011C FF         810            mov     r7,a
011D EE         811            mov     a,r6
011E 3B         812            addc    a,r3
011F F8         813            mov     r0,a
0120 8C01       814            mov     ar1,r4
0122 8F82       815            mov     dpl,r7
0124 8883       816            mov     dph,r0
0126 89F0       817            mov     b,r1
0128 120000     818            lcall   __gptrget
012B FF         819            mov     r7,a
012C 6000       820            jz      L009006?
012E 8F82       821            mov     dpl,r7
0130 C002       822            push    ar2
0132 C003       823            push    ar3
0134 C004       824            push    ar4
0136 C005       825            push    ar5
0138 C006       826            push    ar6
013A 120000     827            lcall   _WriteData
013D D006       828            pop     ar6
013F D005       829            pop     ar5
0141 D004       830            pop     ar4
0143 D003       831            pop     ar3
0145 D002       832            pop     ar2
0147 0D         833            inc     r5
0148 BD0040     834            cjne    r5,#0x00,L009003?
014B 0E         835            inc     r6
014C 8000       836            sjmp    L009003?
014E            837   L009006?:
014E            838   ;        lcd.c:97: if(clear) for(; j<CHARS_PER_LINE; j++) WriteData(' '); // Clear the rest of the line
014E 307000     839            jnb     _LCDprint_PARM_3,L009011?
0151 8D02       840            mov     ar2,r5
0153 8E03       841            mov     ar3,r6
0155            842   L009007?:
0155 C3         843            clr     c
0156 EA         844            mov     a,r2
0157 9410       845            subb    a,#0x10
0159 EB         846            mov     a,r3
015A 6480       847            xrl     a,#0x80
015C 9480       848            subb    a,#0x80
015E 5000       849            jnc     L009011?
0160 758220     850            mov     dpl,#0x20
0163 C002       851            push    ar2
0165 C003       852            push    ar3
0167 120000     853            lcall   _WriteData
016A D003       854            pop     ar3
016C D002       855            pop     ar2
016E 0A         856            inc     r2
016F BA0040     857            cjne    r2,#0x00,L009007?
0172 0B         858            inc     r3
0173 8000       859            sjmp    L009007?
0175            860   L009011?:
0175 22         861            ret
0176            862            rseg R_CSEG
0176            863   
0000            864            rseg R_XINIT
0000            865   
0000            866            rseg R_CONST
0000            867   
0000            868            CSEG
0000            869   
0000            870   end
